{"level":"error","message":"Impossible de trouver /api/v1 sur ce serveur","stack":"Error: Impossible de trouver /api/v1 sur ce serveur\n    at C:\\Users\\djerr\\OneDrive\\Desktop\\FootExplorerBackend\\src\\server.ts:44:24\n    at Layer.handleRequest (C:\\Users\\djerr\\OneDrive\\Desktop\\FootExplorerBackend\\node_modules\\router\\lib\\layer.js:152:17)\n    at trimPrefix (C:\\Users\\djerr\\OneDrive\\Desktop\\FootExplorerBackend\\node_modules\\router\\index.js:342:13)\n    at C:\\Users\\djerr\\OneDrive\\Desktop\\FootExplorerBackend\\node_modules\\router\\index.js:297:9\n    at processParams (C:\\Users\\djerr\\OneDrive\\Desktop\\FootExplorerBackend\\node_modules\\router\\index.js:582:12)\n    at next (C:\\Users\\djerr\\OneDrive\\Desktop\\FootExplorerBackend\\node_modules\\router\\index.js:291:5)\n    at read (C:\\Users\\djerr\\OneDrive\\Desktop\\FootExplorerBackend\\node_modules\\body-parser\\lib\\read.js:54:5)\n    at jsonParser (C:\\Users\\djerr\\OneDrive\\Desktop\\FootExplorerBackend\\node_modules\\body-parser\\lib\\types\\json.js:90:5)\n    at Layer.handleRequest (C:\\Users\\djerr\\OneDrive\\Desktop\\FootExplorerBackend\\node_modules\\router\\lib\\layer.js:152:17)\n    at trimPrefix (C:\\Users\\djerr\\OneDrive\\Desktop\\FootExplorerBackend\\node_modules\\router\\index.js:342:13)","status":404,"timestamp":"2025-11-30T05:12:49.352Z"}
{"duration":"14ms","level":"warn","message":"GET /api/v1 -> 404 (14ms)","statusCode":404,"timestamp":"2025-11-30T05:12:49.362Z"}
{"level":"error","message":"Impossible de trouver /favicon.ico sur ce serveur","stack":"Error: Impossible de trouver /favicon.ico sur ce serveur\n    at C:\\Users\\djerr\\OneDrive\\Desktop\\FootExplorerBackend\\src\\server.ts:44:24\n    at Layer.handleRequest (C:\\Users\\djerr\\OneDrive\\Desktop\\FootExplorerBackend\\node_modules\\router\\lib\\layer.js:152:17)\n    at trimPrefix (C:\\Users\\djerr\\OneDrive\\Desktop\\FootExplorerBackend\\node_modules\\router\\index.js:342:13)\n    at C:\\Users\\djerr\\OneDrive\\Desktop\\FootExplorerBackend\\node_modules\\router\\index.js:297:9\n    at processParams (C:\\Users\\djerr\\OneDrive\\Desktop\\FootExplorerBackend\\node_modules\\router\\index.js:582:12)\n    at next (C:\\Users\\djerr\\OneDrive\\Desktop\\FootExplorerBackend\\node_modules\\router\\index.js:291:5)\n    at read (C:\\Users\\djerr\\OneDrive\\Desktop\\FootExplorerBackend\\node_modules\\body-parser\\lib\\read.js:54:5)\n    at jsonParser (C:\\Users\\djerr\\OneDrive\\Desktop\\FootExplorerBackend\\node_modules\\body-parser\\lib\\types\\json.js:90:5)\n    at Layer.handleRequest (C:\\Users\\djerr\\OneDrive\\Desktop\\FootExplorerBackend\\node_modules\\router\\lib\\layer.js:152:17)\n    at trimPrefix (C:\\Users\\djerr\\OneDrive\\Desktop\\FootExplorerBackend\\node_modules\\router\\index.js:342:13)","status":404,"timestamp":"2025-11-30T05:12:49.450Z"}
{"duration":"4ms","level":"warn","message":"GET /favicon.ico -> 404 (4ms)","statusCode":404,"timestamp":"2025-11-30T05:12:49.453Z"}
{"duration":"1ms","level":"warn","message":"POST /api/v1/auth/register -> 400 (1ms)","statusCode":400,"timestamp":"2025-11-30T05:13:57.328Z"}
{"duration":"209ms","level":"info","message":"POST /api/v1/auth/register -> 201 (209ms)","statusCode":201,"timestamp":"2025-11-30T05:14:11.383Z"}
{"duration":"1ms","level":"info","message":"POST /api/v1/auth/register -> 201 (1ms)","statusCode":201,"timestamp":"2025-11-30T05:14:51.202Z"}
{"duration":"1ms","level":"info","message":"POST /api/v1/auth/login -> 200 (1ms)","statusCode":200,"timestamp":"2025-11-30T05:15:44.477Z"}
{"duration":"42ms","level":"error","message":"POST /api/v1/auth/register -> 500 (42ms)","statusCode":500,"timestamp":"2025-11-30T05:57:35.204Z"}
{"duration":"6ms","level":"error","message":"POST /api/v1/auth/register -> 500 (6ms)","statusCode":500,"timestamp":"2025-11-30T05:57:39.530Z"}
{"duration":"90ms","level":"info","message":"POST /api/v1/auth/register -> 201 (90ms)","statusCode":201,"timestamp":"2025-11-30T05:57:56.504Z"}
{"duration":"1ms","level":"warn","message":"POST /api/v1/auth/login -> 400 (1ms)","statusCode":400,"timestamp":"2025-11-30T05:58:37.941Z"}
{"duration":"6ms","level":"warn","message":"POST /api/v1/auth/register -> 409 (6ms)","statusCode":409,"timestamp":"2025-11-30T05:58:42.278Z"}
{"duration":"3ms","level":"warn","message":"POST /api/v1/auth/register -> 409 (3ms)","statusCode":409,"timestamp":"2025-11-30T05:58:50.727Z"}
{"duration":"69ms","level":"info","message":"POST /api/v1/auth/login -> 200 (69ms)","statusCode":200,"timestamp":"2025-11-30T05:59:25.885Z"}
{"level":"error","message":"Impossible de trouver /api/auth/me sur ce serveur","stack":"Error: Impossible de trouver /api/auth/me sur ce serveur\n    at C:\\Users\\djerr\\OneDrive\\Desktop\\FootExplorerBackend\\src\\server.ts:44:24\n    at Layer.handleRequest (C:\\Users\\djerr\\OneDrive\\Desktop\\FootExplorerBackend\\node_modules\\router\\lib\\layer.js:152:17)\n    at trimPrefix (C:\\Users\\djerr\\OneDrive\\Desktop\\FootExplorerBackend\\node_modules\\router\\index.js:342:13)\n    at C:\\Users\\djerr\\OneDrive\\Desktop\\FootExplorerBackend\\node_modules\\router\\index.js:297:9\n    at processParams (C:\\Users\\djerr\\OneDrive\\Desktop\\FootExplorerBackend\\node_modules\\router\\index.js:582:12)\n    at next (C:\\Users\\djerr\\OneDrive\\Desktop\\FootExplorerBackend\\node_modules\\router\\index.js:291:5)\n    at read (C:\\Users\\djerr\\OneDrive\\Desktop\\FootExplorerBackend\\node_modules\\body-parser\\lib\\read.js:63:5)\n    at jsonParser (C:\\Users\\djerr\\OneDrive\\Desktop\\FootExplorerBackend\\node_modules\\body-parser\\lib\\types\\json.js:90:5)\n    at Layer.handleRequest (C:\\Users\\djerr\\OneDrive\\Desktop\\FootExplorerBackend\\node_modules\\router\\lib\\layer.js:152:17)\n    at trimPrefix (C:\\Users\\djerr\\OneDrive\\Desktop\\FootExplorerBackend\\node_modules\\router\\index.js:342:13)","status":404,"timestamp":"2025-11-30T05:59:56.774Z"}
{"duration":"3ms","level":"warn","message":"POST /api/auth/me -> 404 (3ms)","statusCode":404,"timestamp":"2025-11-30T05:59:56.775Z"}
{"level":"error","message":"Impossible de trouver /api/auth/me sur ce serveur","stack":"Error: Impossible de trouver /api/auth/me sur ce serveur\n    at C:\\Users\\djerr\\OneDrive\\Desktop\\FootExplorerBackend\\src\\server.ts:44:24\n    at Layer.handleRequest (C:\\Users\\djerr\\OneDrive\\Desktop\\FootExplorerBackend\\node_modules\\router\\lib\\layer.js:152:17)\n    at trimPrefix (C:\\Users\\djerr\\OneDrive\\Desktop\\FootExplorerBackend\\node_modules\\router\\index.js:342:13)\n    at C:\\Users\\djerr\\OneDrive\\Desktop\\FootExplorerBackend\\node_modules\\router\\index.js:297:9\n    at processParams (C:\\Users\\djerr\\OneDrive\\Desktop\\FootExplorerBackend\\node_modules\\router\\index.js:582:12)\n    at next (C:\\Users\\djerr\\OneDrive\\Desktop\\FootExplorerBackend\\node_modules\\router\\index.js:291:5)\n    at read (C:\\Users\\djerr\\OneDrive\\Desktop\\FootExplorerBackend\\node_modules\\body-parser\\lib\\read.js:54:5)\n    at jsonParser (C:\\Users\\djerr\\OneDrive\\Desktop\\FootExplorerBackend\\node_modules\\body-parser\\lib\\types\\json.js:90:5)\n    at Layer.handleRequest (C:\\Users\\djerr\\OneDrive\\Desktop\\FootExplorerBackend\\node_modules\\router\\lib\\layer.js:152:17)\n    at trimPrefix (C:\\Users\\djerr\\OneDrive\\Desktop\\FootExplorerBackend\\node_modules\\router\\index.js:342:13)","status":404,"timestamp":"2025-11-30T06:00:07.680Z"}
{"duration":"3ms","level":"warn","message":"GET /api/auth/me -> 404 (3ms)","statusCode":404,"timestamp":"2025-11-30T06:00:07.682Z"}
{"level":"error","message":"Impossible de trouver /api/auth/me sur ce serveur","stack":"Error: Impossible de trouver /api/auth/me sur ce serveur\n    at C:\\Users\\djerr\\OneDrive\\Desktop\\FootExplorerBackend\\src\\server.ts:44:24\n    at Layer.handleRequest (C:\\Users\\djerr\\OneDrive\\Desktop\\FootExplorerBackend\\node_modules\\router\\lib\\layer.js:152:17)\n    at trimPrefix (C:\\Users\\djerr\\OneDrive\\Desktop\\FootExplorerBackend\\node_modules\\router\\index.js:342:13)\n    at C:\\Users\\djerr\\OneDrive\\Desktop\\FootExplorerBackend\\node_modules\\router\\index.js:297:9\n    at processParams (C:\\Users\\djerr\\OneDrive\\Desktop\\FootExplorerBackend\\node_modules\\router\\index.js:582:12)\n    at next (C:\\Users\\djerr\\OneDrive\\Desktop\\FootExplorerBackend\\node_modules\\router\\index.js:291:5)\n    at read (C:\\Users\\djerr\\OneDrive\\Desktop\\FootExplorerBackend\\node_modules\\body-parser\\lib\\read.js:54:5)\n    at jsonParser (C:\\Users\\djerr\\OneDrive\\Desktop\\FootExplorerBackend\\node_modules\\body-parser\\lib\\types\\json.js:90:5)\n    at Layer.handleRequest (C:\\Users\\djerr\\OneDrive\\Desktop\\FootExplorerBackend\\node_modules\\router\\lib\\layer.js:152:17)\n    at trimPrefix (C:\\Users\\djerr\\OneDrive\\Desktop\\FootExplorerBackend\\node_modules\\router\\index.js:342:13)","status":404,"timestamp":"2025-11-30T06:01:05.712Z"}
{"duration":"2ms","level":"warn","message":"GET /api/auth/me -> 404 (2ms)","statusCode":404,"timestamp":"2025-11-30T06:01:05.713Z"}
{"duration":"63ms","level":"info","message":"POST /api/v1/auth/login -> 200 (63ms)","statusCode":200,"timestamp":"2025-11-30T06:01:09.402Z"}
{"level":"error","message":"Impossible de trouver /api/auth/me sur ce serveur","stack":"Error: Impossible de trouver /api/auth/me sur ce serveur\n    at C:\\Users\\djerr\\OneDrive\\Desktop\\FootExplorerBackend\\src\\server.ts:44:24\n    at Layer.handleRequest (C:\\Users\\djerr\\OneDrive\\Desktop\\FootExplorerBackend\\node_modules\\router\\lib\\layer.js:152:17)\n    at trimPrefix (C:\\Users\\djerr\\OneDrive\\Desktop\\FootExplorerBackend\\node_modules\\router\\index.js:342:13)\n    at C:\\Users\\djerr\\OneDrive\\Desktop\\FootExplorerBackend\\node_modules\\router\\index.js:297:9\n    at processParams (C:\\Users\\djerr\\OneDrive\\Desktop\\FootExplorerBackend\\node_modules\\router\\index.js:582:12)\n    at next (C:\\Users\\djerr\\OneDrive\\Desktop\\FootExplorerBackend\\node_modules\\router\\index.js:291:5)\n    at read (C:\\Users\\djerr\\OneDrive\\Desktop\\FootExplorerBackend\\node_modules\\body-parser\\lib\\read.js:54:5)\n    at jsonParser (C:\\Users\\djerr\\OneDrive\\Desktop\\FootExplorerBackend\\node_modules\\body-parser\\lib\\types\\json.js:90:5)\n    at Layer.handleRequest (C:\\Users\\djerr\\OneDrive\\Desktop\\FootExplorerBackend\\node_modules\\router\\lib\\layer.js:152:17)\n    at trimPrefix (C:\\Users\\djerr\\OneDrive\\Desktop\\FootExplorerBackend\\node_modules\\router\\index.js:342:13)","status":404,"timestamp":"2025-11-30T06:01:24.430Z"}
{"duration":"2ms","level":"warn","message":"GET /api/auth/me -> 404 (2ms)","statusCode":404,"timestamp":"2025-11-30T06:01:24.431Z"}
{"duration":"19ms","level":"warn","message":"POST /api/v1/auth/register -> 409 (19ms)","statusCode":409,"timestamp":"2025-11-30T06:01:47.773Z"}
{"duration":"94ms","level":"info","message":"POST /api/v1/auth/login -> 200 (94ms)","statusCode":200,"timestamp":"2025-11-30T06:01:52.004Z"}
{"level":"error","message":"Impossible de trouver /api/auth/me sur ce serveur","stack":"Error: Impossible de trouver /api/auth/me sur ce serveur\n    at C:\\Users\\djerr\\OneDrive\\Desktop\\FootExplorerBackend\\src\\server.ts:44:24\n    at Layer.handleRequest (C:\\Users\\djerr\\OneDrive\\Desktop\\FootExplorerBackend\\node_modules\\router\\lib\\layer.js:152:17)\n    at trimPrefix (C:\\Users\\djerr\\OneDrive\\Desktop\\FootExplorerBackend\\node_modules\\router\\index.js:342:13)\n    at C:\\Users\\djerr\\OneDrive\\Desktop\\FootExplorerBackend\\node_modules\\router\\index.js:297:9\n    at processParams (C:\\Users\\djerr\\OneDrive\\Desktop\\FootExplorerBackend\\node_modules\\router\\index.js:582:12)\n    at next (C:\\Users\\djerr\\OneDrive\\Desktop\\FootExplorerBackend\\node_modules\\router\\index.js:291:5)\n    at read (C:\\Users\\djerr\\OneDrive\\Desktop\\FootExplorerBackend\\node_modules\\body-parser\\lib\\read.js:54:5)\n    at jsonParser (C:\\Users\\djerr\\OneDrive\\Desktop\\FootExplorerBackend\\node_modules\\body-parser\\lib\\types\\json.js:90:5)\n    at Layer.handleRequest (C:\\Users\\djerr\\OneDrive\\Desktop\\FootExplorerBackend\\node_modules\\router\\lib\\layer.js:152:17)\n    at trimPrefix (C:\\Users\\djerr\\OneDrive\\Desktop\\FootExplorerBackend\\node_modules\\router\\index.js:342:13)","status":404,"timestamp":"2025-11-30T06:02:05.731Z"}
{"duration":"4ms","level":"warn","message":"GET /api/auth/me -> 404 (4ms)","statusCode":404,"timestamp":"2025-11-30T06:02:05.733Z"}
{"duration":"119ms","level":"info","message":"POST /api/v1/auth/login -> 200 (119ms)","statusCode":200,"timestamp":"2025-11-30T06:04:06.798Z"}
{"duration":"6ms","level":"info","message":"GET /api/v1/auth/me -> 200 (6ms)","statusCode":200,"timestamp":"2025-11-30T06:06:12.921Z"}
{"duration":"98ms","level":"info","message":"POST /api/v1/auth/login -> 200 (98ms)","statusCode":200,"timestamp":"2025-11-30T06:06:23.315Z"}
{"duration":"4ms","level":"info","message":"GET /api/v1/auth/me -> 200 (4ms)","statusCode":200,"timestamp":"2025-11-30T06:06:26.388Z"}
{"duration":"3ms","level":"info","message":"GET /api/v1/auth/me -> 200 (3ms)","statusCode":200,"timestamp":"2025-11-30T06:06:28.194Z"}
{"duration":"3ms","level":"info","message":"GET /api/v1/auth/me -> 200 (3ms)","statusCode":200,"timestamp":"2025-11-30T06:06:47.924Z"}
{"duration":"20ms","level":"warn","message":"POST /api/v1/auth/register -> 409 (20ms)","statusCode":409,"timestamp":"2025-11-30T06:52:19.732Z"}
{"duration":"83ms","level":"info","message":"POST /api/v1/auth/login -> 200 (83ms)","statusCode":200,"timestamp":"2025-11-30T06:52:23.783Z"}
{"duration":"6ms","level":"info","message":"GET /api/v1/auth/me -> 200 (6ms)","statusCode":200,"timestamp":"2025-11-30T06:52:39.104Z"}
{"duration":"4ms","level":"info","message":"GET /api/v1/teams/33/overview?league=39&season=2024 -> 200 (4ms)","statusCode":200,"timestamp":"2025-11-30T06:52:56.107Z"}
{"duration":"3ms","level":"info","message":"GET /api/v1/players/154/stats?league=39&season=2024 -> 200 (3ms)","statusCode":200,"timestamp":"2025-11-30T06:53:23.475Z"}
{"duration":"1ms","level":"warn","message":"GET /api/v1/players/top?league=39&season=2024&type=scorers -> 401 (1ms)","statusCode":401,"timestamp":"2025-11-30T06:53:40.275Z"}
{"duration":"1ms","level":"info","message":"GET /api/v1/players/top?league=39&season=2024&type=scorers -> 200 (1ms)","statusCode":200,"timestamp":"2025-11-30T06:53:50.365Z"}
{"duration":"1ms","level":"info","message":"GET /api/v1/leagues/39/overview?season=2024 -> 200 (1ms)","statusCode":200,"timestamp":"2025-11-30T06:54:02.434Z"}
{"duration":"180ms","level":"info","message":"POST /api/v1/auth/register -> 201 (180ms)","statusCode":201,"timestamp":"2025-12-06T21:20:14.241Z"}
{"duration":"1465ms","level":"info","message":"GET /api/v1/players/top?league=39&season=2023 -> 200 (1465ms)","statusCode":200,"timestamp":"2025-12-06T21:21:31.837Z"}
{"duration":"182ms","level":"info","message":"GET /api/v1/players/search?q=messi -> 200 (182ms)","statusCode":200,"timestamp":"2025-12-06T21:22:50.881Z"}
{"duration":"40ms","level":"info","message":"POST /api/v1/users/favorites -> 200 (40ms)","statusCode":200,"timestamp":"2025-12-06T21:23:51.841Z"}
{"duration":"24ms","level":"info","message":"GET /api/v1/players/search?q=haaland -> 200 (24ms)","statusCode":200,"timestamp":"2025-12-06T21:26:52.471Z"}
{"duration":"21ms","level":"info","message":"GET /api/v1/players/search?q=salah -> 200 (21ms)","statusCode":200,"timestamp":"2025-12-06T21:29:51.933Z"}
{"duration":"22ms","level":"info","message":"GET /api/v1/players/search?q=saka -> 200 (22ms)","statusCode":200,"timestamp":"2025-12-06T21:30:00.435Z"}
{"duration":"1622ms","level":"info","message":"GET /api/v1/players/top?league=140&season=2023 -> 200 (1622ms)","statusCode":200,"timestamp":"2025-12-07T00:05:09.690Z"}
{"duration":"1476ms","level":"info","message":"GET /api/v1/players/top?league=39&season=2023 -> 200 (1476ms)","statusCode":200,"timestamp":"2025-12-07T00:24:11.893Z"}
{"duration":"51ms","level":"info","message":"POST /api/v1/users/favorites -> 200 (51ms)","statusCode":200,"timestamp":"2025-12-07T00:24:53.421Z"}
{"duration":"86ms","level":"info","message":"GET /api/v1/users/favorites -> 200 (86ms)","statusCode":200,"timestamp":"2025-12-07T00:25:16.378Z"}
{"duration":"45ms","level":"warn","message":"POST /api/v1/auth/register -> 409 (45ms)","statusCode":409,"timestamp":"2025-12-07T00:30:55.141Z"}
{"duration":"158ms","level":"info","message":"POST /api/v1/auth/register -> 201 (158ms)","statusCode":201,"timestamp":"2025-12-07T00:31:21.349Z"}
{"duration":"1296ms","level":"info","message":"GET /api/v1/players/top?league=39&season=2023 -> 200 (1296ms)","statusCode":200,"timestamp":"2025-12-07T00:31:31.086Z"}
{"duration":"20ms","level":"info","message":"GET /api/v1/players/search?q=saka -> 200 (20ms)","statusCode":200,"timestamp":"2025-12-07T00:31:42.743Z"}
{"duration":"8ms","level":"warn","message":"GET /api/v1/players/search?q=saka -> 401 (8ms)","statusCode":401,"timestamp":"2025-12-10T18:09:01.216Z"}
{"duration":"741ms","level":"warn","message":"POST /api/v1/auth/register -> 409 (741ms)","statusCode":409,"timestamp":"2025-12-10T18:09:13.242Z"}
{"duration":"358ms","level":"info","message":"POST /api/v1/auth/register -> 201 (358ms)","statusCode":201,"timestamp":"2025-12-10T18:10:00.314Z"}
{"duration":"74ms","level":"info","message":"GET /api/v1/players/search?q=saka -> 200 (74ms)","statusCode":200,"timestamp":"2025-12-10T18:10:13.641Z"}
{"duration":"3ms","level":"warn","message":"POST /api/v1/users/favorites -> 401 (3ms)","statusCode":401,"timestamp":"2025-12-10T18:10:25.456Z"}
{"duration":"102ms","level":"info","message":"POST /api/v1/users/favorites -> 200 (102ms)","statusCode":200,"timestamp":"2025-12-10T18:10:35.460Z"}
{"duration":"102ms","level":"info","message":"POST /api/v1/users/favorites -> 200 (102ms)","statusCode":200,"timestamp":"2025-12-10T18:13:01.526Z"}
{"duration":"309ms","level":"info","message":"GET /api/v1/players/top?league=39&season=2023 -> 200 (309ms)","statusCode":200,"timestamp":"2025-12-10T19:16:15.582Z"}
{"duration":"74ms","level":"info","message":"GET /api/v1/players/search?q=Haaland -> 200 (74ms)","statusCode":200,"timestamp":"2025-12-10T19:16:27.654Z"}
{"duration":"110ms","level":"info","message":"GET /api/v1/leagues/39/overview?season=2023 -> 200 (110ms)","statusCode":200,"timestamp":"2025-12-10T19:16:38.645Z"}
{"duration":"205ms","level":"info","message":"POST /api/v1/users/favorites -> 200 (205ms)","statusCode":200,"timestamp":"2025-12-10T19:17:59.672Z"}
{"duration":"70ms","level":"info","message":"POST /api/v1/users/favorites -> 200 (70ms)","statusCode":200,"timestamp":"2025-12-10T19:19:27.448Z"}
{"duration":"281ms","level":"info","message":"GET /api/v1/users/favorites -> 200 (281ms)","statusCode":200,"timestamp":"2025-12-10T19:19:34.411Z"}
